npm verbose cli /Users/junha/.nvm/versions/node/v20.19.4/bin/node /Users/junha/.nvm/versions/node/v20.19.4/bin/npm
npm info using npm@10.8.2
npm info using node@v20.19.4
npm timing npm:load:whichnode Completed in 2ms
npm timing npm:load:configload Completed in 5ms
npm timing config:load:flatten Completed in 1ms
npm timing npm:load:mkdirpcache Completed in 0ms
npm timing npm:load:mkdirplogs Completed in 0ms
npm verbose title npm install
npm verbose argv "install" "--loglevel" "verbose" "--timing"
npm timing npm:load:setTitle Completed in 7ms
npm verbose logfile logs-max:10 dir:/Users/junha/.npm/_logs/2025-08-13T06_19_22_258Z-
npm verbose logfile /Users/junha/.npm/_logs/2025-08-13T06_19_22_258Z-debug-0.log
npm timing npm:load Completed in 32ms
npm timing arborist:ctor Completed in 0ms
npm timing idealTree:init Completed in 365ms
npm timing idealTree:userRequests Completed in 0ms
npm timing idealTree:#root Completed in 0ms
npm timing idealTree:buildDeps Completed in 1ms
npm timing idealTree:fixDepFlags Completed in 0ms
npm timing idealTree Completed in 373ms
npm timing reify:loadTrees Completed in 863ms
npm timing reify:diffTrees Completed in 9ms
npm timing reify:retireShallow Completed in 1ms
npm timing reify:createSparse Completed in 0ms
npm timing reify:loadBundles Completed in 0ms
npm timing reify:unpack Completed in 1ms
npm timing reify:unretire Completed in 28ms
npm timing build:queue Completed in 0ms
npm timing build:deps Completed in 0ms
npm timing build Completed in 0ms
npm timing reify:build Completed in 0ms
npm timing reify:trash Completed in 0ms
npm timing reify:save Completed in 196ms
npm http fetch POST 404 https://registry.npmmirror.com/-/npm/v1/security/advisories/bulk 508ms
npm http fetch POST 404 https://registry.npmmirror.com/-/npm/v1/security/audits/quick 75ms
npm verbose audit error HttpErrorGeneral: 404 Not Found - POST https://registry.npmmirror.com/-/npm/v1/security/audits/quick - [NOT_IMPLEMENTED] /-/npm/v1/security/* not implemented yet
npm verbose audit error     at /Users/junha/.nvm/versions/node/v20.19.4/lib/node_modules/npm/node_modules/npm-registry-fetch/lib/check-response.js:95:15
npm verbose audit error     at process.processTicksAndRejections (node:internal/process/task_queues:95:5)
npm verbose audit error     at async [getReport] (/Users/junha/.nvm/versions/node/v20.19.4/lib/node_modules/npm/node_modules/@npmcli/arborist/lib/audit-report.js:336:21)
npm verbose audit error     at async AuditReport.run (/Users/junha/.nvm/versions/node/v20.19.4/lib/node_modules/npm/node_modules/@npmcli/arborist/lib/audit-report.js:106:19)
npm verbose audit error     at async Arborist.reify (/Users/junha/.nvm/versions/node/v20.19.4/lib/node_modules/npm/node_modules/@npmcli/arborist/lib/arborist/reify.js:268:24)
npm verbose audit error     at async Install.exec (/Users/junha/.nvm/versions/node/v20.19.4/lib/node_modules/npm/lib/commands/install.js:150:5)
npm verbose audit error     at async Npm.exec (/Users/junha/.nvm/versions/node/v20.19.4/lib/node_modules/npm/lib/npm.js:207:9)
npm verbose audit error     at async module.exports (/Users/junha/.nvm/versions/node/v20.19.4/lib/node_modules/npm/lib/cli/entry.js:74:5) {
npm verbose audit error   headers: [Object: null prototype] {
npm verbose audit error     server: [ 'Tengine' ],
npm verbose audit error     date: [ 'Wed, 13 Aug 2025 06:19:26 GMT' ],
npm verbose audit error     'content-type': [ 'application/json' ],
npm verbose audit error     'transfer-encoding': [ 'chunked' ],
npm verbose audit error     connection: [ 'keep-alive' ],
npm verbose audit error     'strict-transport-security': [ 'max-age=5184000' ],
npm verbose audit error     via: [ 'ens-cache8.kr8[,404666]' ],
npm verbose audit error     'timing-allow-origin': [ '*' ],
npm verbose audit error     eagleid: [ 'a3b5169c17550659661338260e' ],
npm verbose audit error     'x-fetch-attempts': [ '1' ]
npm verbose audit error   },
npm verbose audit error   statusCode: 404,
npm verbose audit error   code: 'E404',
npm verbose audit error   method: 'POST',
npm verbose audit error   uri: 'https://registry.npmmirror.com/-/npm/v1/security/audits/quick',
npm verbose audit error   body: {
npm verbose audit error     error: '[NOT_IMPLEMENTED] /-/npm/v1/security/* not implemented yet'
npm verbose audit error   },
npm verbose audit error   pkgid: undefined
npm verbose audit error }
npm timing auditReport:getReport Completed in 701ms
npm timing reify:audit Completed in 701ms
npm timing reify Completed in 1576ms

up to date in 2s

275 packages are looking for funding
  run `npm fund` for details
npm timing command:install Completed in 1584ms
npm timing npm Completed in 1904ms
npm info timing Timing info written to: /Users/junha/.npm/_logs/2025-08-13T06_19_22_258Z-timing.json
npm verbose cwd /Users/junha/Desktop/멋사/Bean_front_junha/Bean_front_junha
npm verbose os Darwin 24.5.0
npm verbose node v20.19.4
npm verbose npm  v10.8.2
npm verbose exit 0
npm info ok
